CubeGame Android/android/app/build/intermediates/manifest_merge_blame_file/debug/manifest-merger-blame-debug-report.txt
1<?xml version="1.0" encoding="utf-8"?>
2<manifest xmlns:android="http://schemas.android.com/apk/res/android"
3    package="cubeconegame.com"
4    android:versionCode="0"
5    android:versionName="1.0" >
6
7    <uses-sdk
8        android:minSdkVersion="16"
8-->src\main\AndroidManifest.xml
9        android:targetSdkVersion="28" />
9-->src\main\AndroidManifest.xml
10
11    <supports-screens
11-->src\main\AndroidManifest.xml:75:5-78:39
12        android:anyDensity="true"
12-->src\main\AndroidManifest.xml:77:9-34
13        android:largeScreens="true"
13-->src\main\AndroidManifest.xml:75:23-50
14        android:normalScreens="true"
14-->src\main\AndroidManifest.xml:78:9-37
15        android:smallScreens="true" />
15-->src\main\AndroidManifest.xml:76:9-36
16
17    <uses-permission android:name="android.permission.INTERNET" />
17-->src\main\AndroidManifest.xml:80:5-67
17-->src\main\AndroidManifest.xml:80:22-64
18    <uses-permission android:name="android.permission.ACCESS_NETWORK_STATE" />
18-->src\main\AndroidManifest.xml:82:5-79
18-->src\main\AndroidManifest.xml:82:22-76
19    <uses-permission android:name="android.permission.ACCESS_WIFI_STATE" />
19-->src\main\AndroidManifest.xml:83:5-75
19-->src\main\AndroidManifest.xml:83:22-73
20    <uses-permission android:name="android.permission.ACCESS_COARSE_LOCATION" />
20-->src\main\AndroidManifest.xml:84:5-81
20-->src\main\AndroidManifest.xml:84:22-78
21    <uses-permission android:name="android.permission.WRITE_EXTERNAL_STORAGE" />
21-->src\main\AndroidManifest.xml:85:5-81
21-->src\main\AndroidManifest.xml:85:22-78
22
23    <application
23-->src\main\AndroidManifest.xml:7:5-73:19
24        android:name="androidx.multidex.MultiDexApplication"
24-->src\main\AndroidManifest.xml:10:9-61
25        android:allowBackup="true"
25-->src\main\AndroidManifest.xml:9:9-35
26        android:appComponentFactory="androidx.core.app.CoreComponentFactory"
26-->[androidx.core:core:1.1.0] AndroidManifest.xml:24:18-86
27        android:debuggable="true"
28        android:icon="@drawable/icon"
28-->src\main\AndroidManifest.xml:8:9-38
29        android:label="@string/app_name" >
29-->src\main\AndroidManifest.xml:7:18-50
30
31        <!-- admob -->
32        <!--
33        <meta-data
34            android:name="com.google.android.gms.ads.APPLICATION_ID"
35            android:value="@string/admob_app_id"/>
36        <meta-data
37            android:name="com.google.android.gms.ads.DELAY_APP_MEASUREMENT_INIT"
38            android:value="true"/>
39        -->
40        <!-- admob -->
41
42
43        <!-- facebook-analytics -->
44        <!--
45        <meta-data
46            android:name="com.facebook.sdk.ApplicationId"
47            android:value="@string/facebook_app_id"/>
48        <meta-data
49            android:name="com.facebook.sdk.AutoLogAppEventsEnabled"
50            android:value="false"/>
51        <meta-data
52            android:name="com.facebook.sdk.AutoInitEnabled"
53            android:value="false"/>
54        <meta-data
55            android:name="com.facebook.sdk.AdvertiserIDCollectionEnabled"
56            android:value="false"/>
57        -->
58        <!-- facebook-analytics -->
59
60        <meta-data
60-->src\main\AndroidManifest.xml:36:9-37:69
61            android:name="com.google.android.gms.version"
61-->src\main\AndroidManifest.xml:36:20-65
62            android:value="@integer/google_play_services_version" />
62-->src\main\AndroidManifest.xml:37:13-66
63        <meta-data
63-->src\main\AndroidManifest.xml:38:9-39:46
64            android:name="com.google.android.gms.games.APP_ID"
64-->src\main\AndroidManifest.xml:38:20-70
65            android:value="@string/app_id" />
65-->src\main\AndroidManifest.xml:39:13-43
66
67        <activity
67-->src\main\AndroidManifest.xml:41:9-50:20
68            android:name="cubeconegame.com.PTPlayer"
68-->src\main\AndroidManifest.xml:41:19-43
69            android:configChanges="orientation"
69-->src\main\AndroidManifest.xml:45:13-48
70            android:label="@string/app_name"
70-->src\main\AndroidManifest.xml:42:13-45
71            android:screenOrientation="portrait"
71-->src\main\AndroidManifest.xml:43:13-49
72            android:theme="@android:style/Theme.NoTitleBar.Fullscreen" >
72-->src\main\AndroidManifest.xml:44:13-71
73            <intent-filter>
73-->src\main\AndroidManifest.xml:46:13-49:29
74                <action android:name="android.intent.action.MAIN" />
74-->src\main\AndroidManifest.xml:47:17-69
74-->src\main\AndroidManifest.xml:47:25-66
75
76                <category android:name="android.intent.category.LAUNCHER" />
76-->src\main\AndroidManifest.xml:48:17-77
76-->src\main\AndroidManifest.xml:48:27-74
77            </intent-filter>
78        </activity>
79        <activity
79-->src\main\AndroidManifest.xml:52:9-55:20
80            android:name="com.buildbox.consent.ConsentActivity"
80-->src\main\AndroidManifest.xml:53:13-64
81            android:theme="@style/Theme.AppCompat.Light.NoActionBar" >
81-->src\main\AndroidManifest.xml:54:13-69
82        </activity>
83
84        <!-- ironsource -->
85        <!--
86        <activity
87            android:name="com.ironsource.sdk.controller.ControllerActivity"
88            android:configChanges="orientation|screenSize"
89            android:hardwareAccelerated="true" />
90        <activity
91            android:name="com.ironsource.sdk.controller.InterstitialActivity"
92            android:configChanges="orientation|screenSize"
93            android:hardwareAccelerated="true"
94            android:theme="@android:style/Theme.Translucent" />
95        <activity
96            android:name="com.ironsource.sdk.controller.OpenUrlActivity"
97            android:configChanges="orientation|screenSize"
98            android:hardwareAccelerated="true"
99            android:theme="@android:style/Theme.Translucent" />
100        -->
101        <!-- ironsource -->
102        <activity
102-->[com.google.android.gms:play-services-base:17.1.0] AndroidManifest.xml:23:9-26:75
103            android:name="com.google.android.gms.common.api.GoogleApiActivity"
103-->[com.google.android.gms:play-services-base:17.1.0] AndroidManifest.xml:24:13-79
104            android:exported="false"
104-->[com.google.android.gms:play-services-base:17.1.0] AndroidManifest.xml:25:13-37
105            android:theme="@android:style/Theme.Translucent.NoTitleBar" />
105-->[com.google.android.gms:play-services-base:17.1.0] AndroidManifest.xml:26:13-72
106    </application>
107
108</manifest>